<?xml version="1.0" encoding="UTF-8"?>
<robot generator="Robot 4.1.1 (Python 3.9.7 on win32)" generated="20211011 07:52:53.423" rpa="false" schemaversion="2">
<suite id="s1" name="Test" source="C:\Users\Theo IT\OneDrive\Área de Trabalho\SkillsLibrary\QA\Python e Selenium\robot\test.robot">
<test id="s1-t1" name="Deve retornar Mensagem de Boas vindas">
<kw name="Welcome" library="app">
<var>${result}</var>
<arg>Theo</arg>
<msg timestamp="20211011 07:52:53.454" level="INFO">${result} = Olá Theo, vamos automatizar tudo!</msg>
<status status="PASS" starttime="20211011 07:52:53.454" endtime="20211011 07:52:53.454"/>
</kw>
<kw name="Should Be Equal" library="BuiltIn">
<arg>${result}</arg>
<arg>Olá Theo, vamos automatizar tudo!</arg>
<doc>Fails if the given objects are unequal.</doc>
<status status="PASS" starttime="20211011 07:52:53.454" endtime="20211011 07:52:53.455"/>
</kw>
<status status="PASS" starttime="20211011 07:52:53.453" endtime="20211011 07:52:53.455"/>
</test>
<status status="PASS" starttime="20211011 07:52:53.425" endtime="20211011 07:52:53.456"/>
</suite>
<statistics>
<total>
<stat pass="1" fail="0" skip="0">All Tests</stat>
</total>
<tag>
</tag>
<suite>
<stat pass="1" fail="0" skip="0" id="s1" name="Test">Test</stat>
</suite>
</statistics>
<errors>
</errors>
</robot>
