<?xml version="1.0" encoding="UTF-8"?>
<robot generator="Robot 4.1.1 (Python 3.9.7 on win32)" generated="20211013 07:25:26.372" rpa="false" schemaversion="2">
<suite id="s1" name="Tests" source="C:\Users\Theo IT\OneDrive\Área de Trabalho\SkillsLibrary\QA\Python e Selenium\Python_Selenium_and_Robot\5screenshots\tests">
<suite id="s1-s1" name="Screeenshots" source="C:\Users\Theo IT\OneDrive\Área de Trabalho\SkillsLibrary\QA\Python e Selenium\Python_Selenium_and_Robot\5screenshots\tests\Screeenshots.robot">
<test id="s1-s1-t1" name="Marcando com ID">
<kw name="New Session" library="base" type="SETUP">
<kw name="Open Browser" library="SeleniumLibrary">
<arg>${url}</arg>
<arg>chrome</arg>
<doc>Opens a new browser instance to the optional ``url``.</doc>
<msg timestamp="20211013 07:25:26.592" level="INFO">Opening browser 'chrome' to base url 'http://training-wheels-protocol.herokuapp.com'.</msg>
<status status="PASS" starttime="20211013 07:25:26.591" endtime="20211013 07:25:29.744"/>
</kw>
<status status="PASS" starttime="20211013 07:25:26.591" endtime="20211013 07:25:29.745"/>
</kw>
<kw name="Go To" library="SeleniumLibrary">
<arg>${url}/checkboxes</arg>
<doc>Navigates the current browser window to the provided ``url``.</doc>
<msg timestamp="20211013 07:25:29.747" level="INFO">Opening url 'http://training-wheels-protocol.herokuapp.com/checkboxes'</msg>
<status status="PASS" starttime="20211013 07:25:29.746" endtime="20211013 07:25:30.035"/>
</kw>
<kw name="Select Checkbox" library="SeleniumLibrary">
<arg>${check_thor}</arg>
<doc>Selects the checkbox identified by ``locator``.</doc>
<msg timestamp="20211013 07:25:30.036" level="INFO">Selecting checkbox 'id:thor'.</msg>
<status status="PASS" starttime="20211013 07:25:30.036" endtime="20211013 07:25:30.104"/>
</kw>
<kw name="Checkbox Should Be Selected" library="SeleniumLibrary">
<arg>${check_thor}</arg>
<doc>Verifies checkbox ``locator`` is selected/checked.</doc>
<msg timestamp="20211013 07:25:30.105" level="INFO">Verifying checkbox 'id:thor' is selected.</msg>
<status status="PASS" starttime="20211013 07:25:30.104" endtime="20211013 07:25:30.123"/>
</kw>
<kw name="End Session" library="base" type="TEARDOWN">
<kw name="Capture Page Screenshot" library="SeleniumLibrary">
<doc>Takes a screenshot of the current page and embeds it into a log file.</doc>
<msg timestamp="20211013 07:25:30.307" level="INFO" html="true">&lt;/td&gt;&lt;/tr&gt;&lt;tr&gt;&lt;td colspan="3"&gt;&lt;a href="selenium-screenshot-1.png"&gt;&lt;img src="selenium-screenshot-1.png" width="800px"&gt;&lt;/a&gt;</msg>
<status status="PASS" starttime="20211013 07:25:30.123" endtime="20211013 07:25:30.307"/>
</kw>
<kw name="Close Browser" library="SeleniumLibrary">
<doc>Closes the current browser.</doc>
<status status="PASS" starttime="20211013 07:25:30.307" endtime="20211013 07:25:32.425"/>
</kw>
<status status="PASS" starttime="20211013 07:25:30.123" endtime="20211013 07:25:32.425"/>
</kw>
<status status="PASS" starttime="20211013 07:25:26.590" endtime="20211013 07:25:32.427"/>
</test>
<test id="s1-s1-t2" name="Marcando com CSS Selector">
<kw name="New Session" library="base" type="SETUP">
<kw name="Open Browser" library="SeleniumLibrary">
<arg>${url}</arg>
<arg>chrome</arg>
<doc>Opens a new browser instance to the optional ``url``.</doc>
<msg timestamp="20211013 07:25:32.434" level="INFO">Opening browser 'chrome' to base url 'http://training-wheels-protocol.herokuapp.com'.</msg>
<status status="PASS" starttime="20211013 07:25:32.433" endtime="20211013 07:25:35.604"/>
</kw>
<status status="PASS" starttime="20211013 07:25:32.432" endtime="20211013 07:25:35.604"/>
</kw>
<kw name="Go To" library="SeleniumLibrary">
<arg>${url}/checkboxes</arg>
<doc>Navigates the current browser window to the provided ``url``.</doc>
<msg timestamp="20211013 07:25:35.607" level="INFO">Opening url 'http://training-wheels-protocol.herokuapp.com/checkboxes'</msg>
<status status="PASS" starttime="20211013 07:25:35.606" endtime="20211013 07:25:35.861"/>
</kw>
<kw name="Select Checkbox" library="SeleniumLibrary">
<arg>${check_ironman}</arg>
<doc>Selects the checkbox identified by ``locator``.</doc>
<msg timestamp="20211013 07:25:35.861" level="INFO">Selecting checkbox 'css:input[value='iron-man']'.</msg>
<status status="PASS" starttime="20211013 07:25:35.861" endtime="20211013 07:25:35.960"/>
</kw>
<kw name="Checkbox Should Be Selected" library="SeleniumLibrary">
<arg>${check_ironman}</arg>
<doc>Verifies checkbox ``locator`` is selected/checked.</doc>
<msg timestamp="20211013 07:25:35.961" level="INFO">Verifying checkbox 'css:input[value='iron-man']' is selected.</msg>
<status status="PASS" starttime="20211013 07:25:35.960" endtime="20211013 07:25:35.982"/>
</kw>
<kw name="End Session" library="base" type="TEARDOWN">
<kw name="Capture Page Screenshot" library="SeleniumLibrary">
<doc>Takes a screenshot of the current page and embeds it into a log file.</doc>
<msg timestamp="20211013 07:25:36.125" level="INFO" html="true">&lt;/td&gt;&lt;/tr&gt;&lt;tr&gt;&lt;td colspan="3"&gt;&lt;a href="selenium-screenshot-2.png"&gt;&lt;img src="selenium-screenshot-2.png" width="800px"&gt;&lt;/a&gt;</msg>
<status status="PASS" starttime="20211013 07:25:35.983" endtime="20211013 07:25:36.125"/>
</kw>
<kw name="Close Browser" library="SeleniumLibrary">
<doc>Closes the current browser.</doc>
<status status="PASS" starttime="20211013 07:25:36.125" endtime="20211013 07:25:38.244"/>
</kw>
<status status="PASS" starttime="20211013 07:25:35.983" endtime="20211013 07:25:38.244"/>
</kw>
<tag>iron_man</tag>
<status status="PASS" starttime="20211013 07:25:32.430" endtime="20211013 07:25:38.244"/>
</test>
<test id="s1-s1-t3" name="Marcando com XPath">
<kw name="New Session" library="base" type="SETUP">
<kw name="Open Browser" library="SeleniumLibrary">
<arg>${url}</arg>
<arg>chrome</arg>
<doc>Opens a new browser instance to the optional ``url``.</doc>
<msg timestamp="20211013 07:25:38.248" level="INFO">Opening browser 'chrome' to base url 'http://training-wheels-protocol.herokuapp.com'.</msg>
<status status="PASS" starttime="20211013 07:25:38.247" endtime="20211013 07:25:41.317"/>
</kw>
<status status="PASS" starttime="20211013 07:25:38.247" endtime="20211013 07:25:41.317"/>
</kw>
<kw name="Go To" library="SeleniumLibrary">
<arg>${url}/checkboxes</arg>
<doc>Navigates the current browser window to the provided ``url``.</doc>
<msg timestamp="20211013 07:25:41.318" level="INFO">Opening url 'http://training-wheels-protocol.herokuapp.com/checkboxes'</msg>
<status status="PASS" starttime="20211013 07:25:41.318" endtime="20211013 07:25:41.623"/>
</kw>
<kw name="Select Checkbox" library="SeleniumLibrary">
<arg>${the_avengers}</arg>
<doc>Selects the checkbox identified by ``locator``.</doc>
<msg timestamp="20211013 07:25:41.624" level="INFO">Selecting checkbox 'xpath://*[@id='checkboxes']/input[4]'.</msg>
<status status="PASS" starttime="20211013 07:25:41.624" endtime="20211013 07:25:41.690"/>
</kw>
<kw name="Checkbox Should Be Selected" library="SeleniumLibrary">
<arg>${the_avengers}</arg>
<doc>Verifies checkbox ``locator`` is selected/checked.</doc>
<msg timestamp="20211013 07:25:41.691" level="INFO">Verifying checkbox 'xpath://*[@id='checkboxes']/input[4]' is selected.</msg>
<status status="PASS" starttime="20211013 07:25:41.691" endtime="20211013 07:25:41.712"/>
</kw>
<kw name="End Session" library="base" type="TEARDOWN">
<kw name="Capture Page Screenshot" library="SeleniumLibrary">
<doc>Takes a screenshot of the current page and embeds it into a log file.</doc>
<msg timestamp="20211013 07:25:41.851" level="INFO" html="true">&lt;/td&gt;&lt;/tr&gt;&lt;tr&gt;&lt;td colspan="3"&gt;&lt;a href="selenium-screenshot-3.png"&gt;&lt;img src="selenium-screenshot-3.png" width="800px"&gt;&lt;/a&gt;</msg>
<status status="PASS" starttime="20211013 07:25:41.712" endtime="20211013 07:25:41.851"/>
</kw>
<kw name="Close Browser" library="SeleniumLibrary">
<doc>Closes the current browser.</doc>
<status status="PASS" starttime="20211013 07:25:41.851" endtime="20211013 07:25:43.953"/>
</kw>
<status status="PASS" starttime="20211013 07:25:41.712" endtime="20211013 07:25:43.953"/>
</kw>
<tag>avengers</tag>
<status status="PASS" starttime="20211013 07:25:38.246" endtime="20211013 07:25:43.954"/>
</test>
<status status="PASS" starttime="20211013 07:25:26.401" endtime="20211013 07:25:43.956"/>
</suite>
<suite id="s1-s2" name="title Wresources" source="C:\Users\Theo IT\OneDrive\Área de Trabalho\SkillsLibrary\QA\Python e Selenium\Python_Selenium_and_Robot\5screenshots\tests\title_Wresources.robot">
<test id="s1-s2-t1" name="Should See Page Title">
<kw name="New Session" library="base" type="SETUP">
<kw name="Open Browser" library="SeleniumLibrary">
<arg>${url}</arg>
<arg>chrome</arg>
<doc>Opens a new browser instance to the optional ``url``.</doc>
<msg timestamp="20211013 07:25:43.964" level="INFO">Opening browser 'chrome' to base url 'http://training-wheels-protocol.herokuapp.com'.</msg>
<status status="PASS" starttime="20211013 07:25:43.964" endtime="20211013 07:25:47.389"/>
</kw>
<status status="PASS" starttime="20211013 07:25:43.963" endtime="20211013 07:25:47.390"/>
</kw>
<kw name="Title Should Be" library="SeleniumLibrary">
<arg>Training Wheels Protocol</arg>
<doc>Verifies that the current page title equals ``title``.</doc>
<msg timestamp="20211013 07:25:47.400" level="INFO">Page title is 'Training Wheels Protocol'.</msg>
<status status="PASS" starttime="20211013 07:25:47.391" endtime="20211013 07:25:47.400"/>
</kw>
<kw name="End Session" library="base" type="TEARDOWN">
<kw name="Capture Page Screenshot" library="SeleniumLibrary">
<doc>Takes a screenshot of the current page and embeds it into a log file.</doc>
<msg timestamp="20211013 07:25:47.556" level="INFO" html="true">&lt;/td&gt;&lt;/tr&gt;&lt;tr&gt;&lt;td colspan="3"&gt;&lt;a href="selenium-screenshot-4.png"&gt;&lt;img src="selenium-screenshot-4.png" width="800px"&gt;&lt;/a&gt;</msg>
<status status="PASS" starttime="20211013 07:25:47.402" endtime="20211013 07:25:47.556"/>
</kw>
<kw name="Close Browser" library="SeleniumLibrary">
<doc>Closes the current browser.</doc>
<status status="PASS" starttime="20211013 07:25:47.556" endtime="20211013 07:25:49.663"/>
</kw>
<status status="PASS" starttime="20211013 07:25:47.401" endtime="20211013 07:25:49.664"/>
</kw>
<status status="PASS" starttime="20211013 07:25:43.963" endtime="20211013 07:25:49.665"/>
</test>
<status status="PASS" starttime="20211013 07:25:43.958" endtime="20211013 07:25:49.671"/>
</suite>
<status status="PASS" starttime="20211013 07:25:26.374" endtime="20211013 07:25:49.677"/>
</suite>
<statistics>
<total>
<stat pass="4" fail="0" skip="0">All Tests</stat>
</total>
<tag>
<stat pass="1" fail="0" skip="0">avengers</stat>
<stat pass="1" fail="0" skip="0">iron_man</stat>
</tag>
<suite>
<stat pass="4" fail="0" skip="0" id="s1" name="Tests">Tests</stat>
<stat pass="3" fail="0" skip="0" id="s1-s1" name="Screeenshots">Tests.Screeenshots</stat>
<stat pass="1" fail="0" skip="0" id="s1-s2" name="title Wresources">Tests.title Wresources</stat>
</suite>
</statistics>
<errors>
</errors>
</robot>
