<?xml version="1.0" encoding="UTF-8"?>
<robot generator="Robot 4.1.1 (Python 3.9.7 on win32)" generated="20211012 10:42:06.451" rpa="false" schemaversion="2">
<suite id="s1" name="Checkbox Hooks" source="C:\Users\Theo IT\OneDrive\Área de Trabalho\SkillsLibrary\QA\Python e Selenium\git\Python_Selenium_and_Robot\hooks_checkbox\checkbox_hooks.robot">
<test id="s1-t1" name="Marcando com ID">
<kw name="New Session" type="SETUP">
<kw name="Open Browser" library="SeleniumLibrary">
<arg>${url}</arg>
<arg>chrome</arg>
<doc>Opens a new browser instance to the optional ``url``.</doc>
<msg timestamp="20211012 10:42:06.656" level="INFO">Opening browser 'chrome' to base url 'http://training-wheels-protocol.herokuapp.com'.</msg>
<status status="PASS" starttime="20211012 10:42:06.656" endtime="20211012 10:42:11.141"/>
</kw>
<status status="PASS" starttime="20211012 10:42:06.656" endtime="20211012 10:42:11.141"/>
</kw>
<kw name="Go To" library="SeleniumLibrary">
<arg>${url}/checkboxes</arg>
<doc>Navigates the current browser window to the provided ``url``.</doc>
<msg timestamp="20211012 10:42:11.144" level="INFO">Opening url 'http://training-wheels-protocol.herokuapp.com/checkboxes'</msg>
<status status="PASS" starttime="20211012 10:42:11.143" endtime="20211012 10:42:11.458"/>
</kw>
<kw name="Select Checkbox" library="SeleniumLibrary">
<arg>${check_thor}</arg>
<doc>Selects the checkbox identified by ``locator``.</doc>
<msg timestamp="20211012 10:42:11.460" level="INFO">Selecting checkbox 'id:thor'.</msg>
<status status="PASS" starttime="20211012 10:42:11.459" endtime="20211012 10:42:11.525"/>
</kw>
<kw name="Checkbox Should Be Selected" library="SeleniumLibrary">
<arg>${check_thor}</arg>
<doc>Verifies checkbox ``locator`` is selected/checked.</doc>
<msg timestamp="20211012 10:42:11.526" level="INFO">Verifying checkbox 'id:thor' is selected.</msg>
<status status="PASS" starttime="20211012 10:42:11.526" endtime="20211012 10:42:11.545"/>
</kw>
<kw name="End Session" type="TEARDOWN">
<kw name="Close Browser" library="SeleniumLibrary">
<doc>Closes the current browser.</doc>
<status status="PASS" starttime="20211012 10:42:11.546" endtime="20211012 10:42:13.682"/>
</kw>
<status status="PASS" starttime="20211012 10:42:11.545" endtime="20211012 10:42:13.683"/>
</kw>
<status status="PASS" starttime="20211012 10:42:06.655" endtime="20211012 10:42:13.684"/>
</test>
<test id="s1-t2" name="Marcando com CSS Selector">
<kw name="New Session" type="SETUP">
<kw name="Open Browser" library="SeleniumLibrary">
<arg>${url}</arg>
<arg>chrome</arg>
<doc>Opens a new browser instance to the optional ``url``.</doc>
<msg timestamp="20211012 10:42:13.695" level="INFO">Opening browser 'chrome' to base url 'http://training-wheels-protocol.herokuapp.com'.</msg>
<status status="PASS" starttime="20211012 10:42:13.693" endtime="20211012 10:42:18.717"/>
</kw>
<status status="PASS" starttime="20211012 10:42:13.692" endtime="20211012 10:42:18.717"/>
</kw>
<kw name="Go To" library="SeleniumLibrary">
<arg>${url}/checkboxes</arg>
<doc>Navigates the current browser window to the provided ``url``.</doc>
<msg timestamp="20211012 10:42:18.718" level="INFO">Opening url 'http://training-wheels-protocol.herokuapp.com/checkboxes'</msg>
<status status="PASS" starttime="20211012 10:42:18.718" endtime="20211012 10:42:18.969"/>
</kw>
<kw name="Select Checkbox" library="SeleniumLibrary">
<arg>${check_ironman}</arg>
<doc>Selects the checkbox identified by ``locator``.</doc>
<msg timestamp="20211012 10:42:18.970" level="INFO">Selecting checkbox 'css:input[value='iron-man']'.</msg>
<status status="PASS" starttime="20211012 10:42:18.969" endtime="20211012 10:42:19.068"/>
</kw>
<kw name="Checkbox Should Be Selected" library="SeleniumLibrary">
<arg>${check_ironman}</arg>
<doc>Verifies checkbox ``locator`` is selected/checked.</doc>
<msg timestamp="20211012 10:42:19.069" level="INFO">Verifying checkbox 'css:input[value='iron-man']' is selected.</msg>
<status status="PASS" starttime="20211012 10:42:19.069" endtime="20211012 10:42:19.092"/>
</kw>
<kw name="End Session" type="TEARDOWN">
<kw name="Close Browser" library="SeleniumLibrary">
<doc>Closes the current browser.</doc>
<status status="PASS" starttime="20211012 10:42:19.093" endtime="20211012 10:42:21.214"/>
</kw>
<status status="PASS" starttime="20211012 10:42:19.092" endtime="20211012 10:42:21.215"/>
</kw>
<tag>iron_man</tag>
<status status="PASS" starttime="20211012 10:42:13.690" endtime="20211012 10:42:21.216"/>
</test>
<test id="s1-t3" name="Marcando com XPath">
<kw name="New Session" type="SETUP">
<kw name="Open Browser" library="SeleniumLibrary">
<arg>${url}</arg>
<arg>chrome</arg>
<doc>Opens a new browser instance to the optional ``url``.</doc>
<msg timestamp="20211012 10:42:21.226" level="INFO">Opening browser 'chrome' to base url 'http://training-wheels-protocol.herokuapp.com'.</msg>
<status status="PASS" starttime="20211012 10:42:21.225" endtime="20211012 10:42:25.084"/>
</kw>
<status status="PASS" starttime="20211012 10:42:21.224" endtime="20211012 10:42:25.085"/>
</kw>
<kw name="Go To" library="SeleniumLibrary">
<arg>${url}/checkboxes</arg>
<doc>Navigates the current browser window to the provided ``url``.</doc>
<msg timestamp="20211012 10:42:25.087" level="INFO">Opening url 'http://training-wheels-protocol.herokuapp.com/checkboxes'</msg>
<status status="PASS" starttime="20211012 10:42:25.086" endtime="20211012 10:42:25.384"/>
</kw>
<kw name="Select Checkbox" library="SeleniumLibrary">
<arg>${the_avengers}</arg>
<doc>Selects the checkbox identified by ``locator``.</doc>
<msg timestamp="20211012 10:42:25.385" level="INFO">Selecting checkbox 'xpath://*[@id='checkboxes']/input[4]'.</msg>
<status status="PASS" starttime="20211012 10:42:25.385" endtime="20211012 10:42:25.453"/>
</kw>
<kw name="Checkbox Should Be Selected" library="SeleniumLibrary">
<arg>${the_avengers}</arg>
<doc>Verifies checkbox ``locator`` is selected/checked.</doc>
<msg timestamp="20211012 10:42:25.454" level="INFO">Verifying checkbox 'xpath://*[@id='checkboxes']/input[4]' is selected.</msg>
<status status="PASS" starttime="20211012 10:42:25.453" endtime="20211012 10:42:25.474"/>
</kw>
<kw name="End Session" type="TEARDOWN">
<kw name="Close Browser" library="SeleniumLibrary">
<doc>Closes the current browser.</doc>
<status status="PASS" starttime="20211012 10:42:25.475" endtime="20211012 10:42:27.564"/>
</kw>
<status status="PASS" starttime="20211012 10:42:25.474" endtime="20211012 10:42:27.564"/>
</kw>
<tag>avengers</tag>
<status status="PASS" starttime="20211012 10:42:21.221" endtime="20211012 10:42:27.565"/>
</test>
<status status="PASS" starttime="20211012 10:42:06.452" endtime="20211012 10:42:27.567"/>
</suite>
<statistics>
<total>
<stat pass="3" fail="0" skip="0">All Tests</stat>
</total>
<tag>
<stat pass="1" fail="0" skip="0">avengers</stat>
<stat pass="1" fail="0" skip="0">iron_man</stat>
</tag>
<suite>
<stat pass="3" fail="0" skip="0" id="s1" name="Checkbox Hooks">Checkbox Hooks</stat>
</suite>
</statistics>
<errors>
</errors>
</robot>
